<?xml version="1.0" encoding="UTF-8"?>
<!-- Generated by org.testng.reporters.JUnitReportReporter -->
<testsuite name="com.qa.crm.TestCases.LoginTest" tests="1" time="23.483" ignored="0" failures="0" timestamp="04 Dec 2019 02:49:27 GMT" skipped="0" hostname="DESKTOP-1MLKTU1" errors="0">
  <testcase name="loginToApp" time="23.483" classname="com.qa.crm.TestCases.LoginTest"/>
</testsuite> <!-- com.qa.crm.TestCases.LoginTest -->
