<?xml version="1.0" encoding="UTF-8"?>
<!-- Generated by org.testng.reporters.JUnitReportReporter -->
<testsuite name="com.test.InvocationCount" tests="5" time="0.030" ignored="0" failures="0" timestamp="18 Nov 2019 12:31:22 GMT" skipped="0" hostname="DESKTOP-1MLKTU1" errors="0">
  <testcase name="sum" time="0.004" classname="com.test.InvocationCount"/>
  <testcase name="sum" time="0.016" classname="com.test.InvocationCount"/>
  <testcase name="sum" time="0.003" classname="com.test.InvocationCount"/>
  <testcase name="sum" time="0.004" classname="com.test.InvocationCount"/>
  <testcase name="sum" time="0.003" classname="com.test.InvocationCount"/>
</testsuite> <!-- com.test.InvocationCount -->
