<?xml version="1.0" encoding="UTF-8"?>
<!-- Generated by org.testng.reporters.JUnitReportReporter -->
<testsuite name="com.test.ExceptionTimeout" tests="1" time="0.029" ignored="0" failures="0" timestamp="18 Nov 2019 12:40:27 GMT" skipped="0" hostname="DESKTOP-1MLKTU1" errors="0">
  <testcase name="timeOut" time="0.029" classname="com.test.ExceptionTimeout"/>
</testsuite> <!-- com.test.ExceptionTimeout -->
